#
# There is insufficient memory for the Java Runtime Environment to continue.
# Native memory allocation (malloc) failed to allocate 1048576 bytes for AllocateHeap
# Possible reasons:
#   The system is out of physical RAM or swap space
#   The process is running with CompressedOops enabled, and the Java Heap may be blocking the growth of the native heap
# Possible solutions:
#   Reduce memory load on the system
#   Increase physical memory or swap space
#   Check if swap backing store is full
#   Decrease Java heap size (-Xmx/-Xms)
#   Decrease number of Java threads
#   Decrease Java thread stack sizes (-Xss)
#   Set larger code cache with -XX:ReservedCodeCacheSize=
#   JVM is running with Unscaled Compressed Oops mode in which the Java heap is
#     placed in the first 4GB address space. The Java Heap base address is the
#     maximum limit for the native heap growth. Please use -XX:HeapBaseMinAddress
#     to set the Java Heap base and to place the Java Heap above 4GB virtual address.
# This output file may be truncated or incomplete.
#
#  Out of Memory Error (allocation.cpp:44), pid=8436, tid=364
#
# JRE version:  (19.0.1+10) (build )
# Java VM: Java HotSpot(TM) 64-Bit Server VM (19.0.1+10-21, mixed mode, sharing, tiered, compressed oops, compressed class ptrs, g1 gc, windows-amd64)
# No core dump will be written. Minidumps are not enabled by default on client versions of Windows
#

---------------  S U M M A R Y ------------

Command Line: -Dfile.encoding=UTF-8 -XX:+ShowCodeDetailsInExceptionMessages eventDriven

Host: Intel(R) Core(TM) i5-8265U CPU @ 1.60GHz, 8 cores, 11G,  Windows 11 , 64 bit Build 22621 (10.0.22621.3527)
Time: Fri May  3 11:50:27 2024 Myanmar Standard Time elapsed time: 0.009347 seconds (0d 0h 0m 0s)

---------------  T H R E A D  ---------------

Current thread (0x000001a2e988bb80):  JavaThread "Unknown thread" [_thread_in_vm, id=364, stack(0x0000006b2da00000,0x0000006b2db00000)]

Stack: [0x0000006b2da00000,0x0000006b2db00000]
Native frames: (J=compiled Java code, j=interpreted, Vv=VM code, C=native code)
V  [jvm.dll+0x6ee8fa]
V  [jvm.dll+0x857a1e]
V  [jvm.dll+0x85940e]
V  [jvm.dll+0x859ac3]
V  [jvm.dll+0x28291f]
V  [jvm.dll+0xc40eb]
V  [jvm.dll+0x32a2d9]
V  [jvm.dll+0x821aeb]
V  [jvm.dll+0x3c27c1]
V  [jvm.dll+0x8022f1]
V  [jvm.dll+0x44b30f]
V  [jvm.dll+0x44cc91]
C  [jli.dll+0x5287]
C  [ucrtbase.dll+0x29333]
C  [KERNEL32.DLL+0x1257d]
C  [ntdll.dll+0x5aa48]


---------------  P R O C E S S  ---------------

Threads class SMR info:
_java_thread_list=0x00007ff9b368d048, length=0, elements={
}

Java Threads: ( => current thread )

Other Threads:

=>0x000001a2e988bb80 (exited) JavaThread "Unknown thread" [_thread_in_vm, id=364, stack(0x0000006b2da00000,0x0000006b2db00000)]

Threads with active compile tasks:

VM state: not at safepoint (not fully initialized)

VM Mutex/Monitor currently owned by a thread: None

Heap address: 0x0000000000000000, size: 0 MB, Compressed Oops mode: 32-bit

CDS archive(s) mapped at: [0x0000000000000000-0x0000000000000000-0x0000000000000000), size 0, SharedBaseAddress: 0x0000000800000000, ArchiveRelocationMode: 0.
Narrow klass base: 0x0000000000000000, Narrow klass shift: 0, Narrow klass range: 0x0

GC Precious Log:
 CardTable entry size: 512
 Card Set container configuration: InlinePtr #cards 4 size 8 Array Of Cards #cards 16 size 48 Howl #buckets 8 coarsen threshold 3686 Howl Bitmap #cards 512 size 80 coarsen threshold 460 Card regions per heap region 1 cards per card region 4096

GC Heap History (0 events):
No events

Dll operation events (1 events):
Event: 0.006 Loaded shared library C:\Program Files\Java\jdk-19\bin\java.dll

Deoptimization events (0 events):
No events

Classes loaded (0 events):
No events

Classes unloaded (0 events):
No events

Classes redefined (0 events):
No events

Internal exceptions (0 events):
No events

VM Operations (0 events):
No events

Events (0 events):
No events


Dynamic libraries:
0x00007ff75d350000 - 0x00007ff75d360000 	C:\Program Files\Java\jdk-19\bin\javaw.exe
0x00007ffa49b10000 - 0x00007ffa49d27000 	C:\WINDOWS\SYSTEM32\ntdll.dll
0x00007ffa48b20000 - 0x00007ffa48be4000 	C:\WINDOWS\System32\KERNEL32.DLL
0x00007ffa47130000 - 0x00007ffa474d7000 	C:\WINDOWS\System32\KERNELBASE.dll
0x00007ffa47720000 - 0x00007ffa47831000 	C:\WINDOWS\System32\ucrtbase.dll
0x00007ffa41f90000 - 0x00007ffa41fab000 	C:\Program Files\Java\jdk-19\bin\VCRUNTIME140.dll
0x00007ffa41750000 - 0x00007ffa41768000 	C:\Program Files\Java\jdk-19\bin\jli.dll
0x00007ffa47970000 - 0x00007ffa47a22000 	C:\WINDOWS\System32\ADVAPI32.dll
0x00007ffa49660000 - 0x00007ffa49707000 	C:\WINDOWS\System32\msvcrt.dll
0x00007ffa491a0000 - 0x00007ffa49248000 	C:\WINDOWS\System32\sechost.dll
0x00007ffa46e30000 - 0x00007ffa46e58000 	C:\WINDOWS\System32\bcrypt.dll
0x00007ffa499b0000 - 0x00007ffa49ac5000 	C:\WINDOWS\System32\RPCRT4.dll
0x00007ffa49720000 - 0x00007ffa498ce000 	C:\WINDOWS\System32\USER32.dll
0x00007ffa47580000 - 0x00007ffa475a6000 	C:\WINDOWS\System32\win32u.dll
0x00007ffa27340000 - 0x00007ffa275d3000 	C:\WINDOWS\WinSxS\amd64_microsoft.windows.common-controls_6595b64144ccf1df_6.0.22621.3527_none_270e469b73872a76\COMCTL32.dll
0x00007ffa48a90000 - 0x00007ffa48ab9000 	C:\WINDOWS\System32\GDI32.dll
0x00007ffa46e60000 - 0x00007ffa46f79000 	C:\WINDOWS\System32\gdi32full.dll
0x00007ffa474e0000 - 0x00007ffa4757a000 	C:\WINDOWS\System32\msvcp_win.dll
0x00007ffa38db0000 - 0x00007ffa38dba000 	C:\WINDOWS\SYSTEM32\VERSION.dll
0x00007ffa49020000 - 0x00007ffa49051000 	C:\WINDOWS\System32\IMM32.DLL
0x00007ffa42f20000 - 0x00007ffa42f2c000 	C:\Program Files\Java\jdk-19\bin\vcruntime140_1.dll
0x00007ffa049a0000 - 0x00007ffa04a2e000 	C:\Program Files\Java\jdk-19\bin\msvcp140.dll
0x00007ff9b2b10000 - 0x00007ff9b37d0000 	C:\Program Files\Java\jdk-19\bin\server\jvm.dll
0x00007ffa33a90000 - 0x00007ffa33a99000 	C:\WINDOWS\SYSTEM32\WSOCK32.dll
0x00007ffa495e0000 - 0x00007ffa49651000 	C:\WINDOWS\System32\WS2_32.dll
0x00007ffa42060000 - 0x00007ffa42094000 	C:\WINDOWS\SYSTEM32\WINMM.dll
0x00007ffa45f40000 - 0x00007ffa45f58000 	C:\WINDOWS\SYSTEM32\kernel.appcore.dll
0x00007ffa42f10000 - 0x00007ffa42f1a000 	C:\Program Files\Java\jdk-19\bin\jimage.dll
0x00007ffa3f9b0000 - 0x00007ffa3fbe3000 	C:\WINDOWS\SYSTEM32\DBGHELP.DLL
0x00007ffa49250000 - 0x00007ffa495d8000 	C:\WINDOWS\System32\combase.dll
0x00007ffa47aa0000 - 0x00007ffa47b77000 	C:\WINDOWS\System32\OLEAUT32.dll
0x00007ffa2bd90000 - 0x00007ffa2bdc2000 	C:\WINDOWS\SYSTEM32\dbgcore.DLL
0x00007ffa46ff0000 - 0x00007ffa47069000 	C:\WINDOWS\System32\bcryptPrimitives.dll
0x00007ffa33130000 - 0x00007ffa33156000 	C:\Program Files\Java\jdk-19\bin\java.dll

dbghelp: loaded successfully - version: 4.0.5 - missing functions: none
symbol engine: initialized successfully - sym options: 0x614 - pdb path: .;C:\Program Files\Java\jdk-19\bin;C:\WINDOWS\SYSTEM32;C:\WINDOWS\WinSxS\amd64_microsoft.windows.common-controls_6595b64144ccf1df_6.0.22621.3527_none_270e469b73872a76;C:\Program Files\Java\jdk-19\bin\server

VM Arguments:
jvm_args: -Dfile.encoding=UTF-8 -XX:+ShowCodeDetailsInExceptionMessages 
java_command: eventDriven
java_class_path (initial): D:\First Year\Judo\build\classes
Launcher Type: SUN_STANDARD

[Global flags]
     intx CICompilerCount                          = 4                                         {product} {ergonomic}
     uint ConcGCThreads                            = 2                                         {product} {ergonomic}
     uint G1ConcRefinementThreads                  = 8                                         {product} {ergonomic}
   size_t G1HeapRegionSize                         = 2097152                                   {product} {ergonomic}
    uintx GCDrainStackTargetSize                   = 64                                        {product} {ergonomic}
   size_t InitialHeapSize                          = 201326592                                 {product} {ergonomic}
   size_t MarkStackSize                            = 4194304                                   {product} {ergonomic}
   size_t MaxHeapSize                              = 3189768192                                {product} {ergonomic}
   size_t MinHeapDeltaBytes                        = 2097152                                   {product} {ergonomic}
   size_t MinHeapSize                              = 8388608                                   {product} {ergonomic}
    uintx NonNMethodCodeHeapSize                   = 5839372                                {pd product} {ergonomic}
    uintx NonProfiledCodeHeapSize                  = 122909434                              {pd product} {ergonomic}
    uintx ProfiledCodeHeapSize                     = 122909434                              {pd product} {ergonomic}
    uintx ReservedCodeCacheSize                    = 251658240                              {pd product} {ergonomic}
     bool SegmentedCodeCache                       = true                                      {product} {ergonomic}
     bool ShowCodeDetailsInExceptionMessages       = true                                   {manageable} {command line}
   size_t SoftMaxHeapSize                          = 3189768192                             {manageable} {ergonomic}
     bool UseCompressedClassPointers               = true                           {product lp64_product} {ergonomic}
     bool UseCompressedOops                        = true                           {product lp64_product} {ergonomic}
     bool UseG1GC                                  = true                                      {product} {ergonomic}
     bool UseLargePagesIndividualAllocation        = false                                  {pd product} {ergonomic}

Logging:
Log output configuration:
 #0: stdout all=warning uptime,level,tags foldmultilines=false
 #1: stderr all=off uptime,level,tags foldmultilines=false

Environment Variables:
PATH=C:/Program Files/Java/jdk-19/bin/server;C:/Program Files/Java/jdk-19/bin;C:\Program Files\Java\jdk-19\bin;C:\WINDOWS\system32;C:\WINDOWS;C:\WINDOWS\System32\Wbem;C:\WINDOWS\System32\WindowsPowerShell\v1.0\;C:\WINDOWS\System32\OpenSSH\;C:\Program Files\Git\cmd;C:\Program Files\MySQL\MySQL Shell 8.0\bin\;C:\Users\User\AppData\Local\Microsoft\WindowsApps;;C:\Users\User\AppData\Local\Programs\Microsoft VS Code\bin;C:\WINDOWS\System32;
USERNAME=User
OS=Windows_NT
PROCESSOR_IDENTIFIER=Intel64 Family 6 Model 142 Stepping 11, GenuineIntel
TMP=C:\Users\User\AppData\Local\Temp
TEMP=C:\Users\User\AppData\Local\Temp



---------------  S Y S T E M  ---------------

OS:
 Windows 11 , 64 bit Build 22621 (10.0.22621.3527)
OS uptime: 1 days 5:02 hours

CPU: total 8 (initial active 8) (4 cores per cpu, 2 threads per core) family 6 model 142 stepping 11 microcode 0xf4, cx8, cmov, fxsr, ht, mmx, 3dnowpref, sse, sse2, sse3, ssse3, sse4.1, sse4.2, popcnt, lzcnt, tsc, tscinvbit, avx, avx2, aes, erms, clmul, bmi1, bmi2, adx, fma, vzeroupper, clflush, clflushopt, rdtscp

Memory: 4k page, system-wide physical 12163M (2971M free)
TotalPageFile size 16259M (AvailPageFile size 5M)
current process WorkingSet (physical memory assigned to process): 10M, peak: 10M
current process commit charge ("private bytes"): 14M, peak: 15M

vm_info: Java HotSpot(TM) 64-Bit Server VM (19.0.1+10-21) for windows-amd64 JRE (19.0.1+10-21), built on 2022-09-14T12:45:06Z by "mach5one" with MS VC++ 17.1 (VS2022)

END.
